{
  "RSpec": {
    "coverage": {
      "/Users/knaadjie/Downloads/saas-homework/toy-asis/config/environment.rb": [
        null,
        1,
        null,
        null,
        1
      ],
      "/Users/knaadjie/Downloads/saas-homework/toy-asis/config/application.rb": [
        1,
        null,
        null,
        null,
        1,
        1,
        1,
        null,
        null,
        null,
        null,
        1,
        null,
        1,
        1,
        null,
        null,
        null,
        null,
        null,
        null,
        null,
        null,
        null,
        null,
        null,
        null,
        null
      ],
      "/Users/knaadjie/Downloads/saas-homework/toy-asis/config/boot.rb": [
        null,
        1,
        null,
        1
      ],
      "/Users/knaadjie/Downloads/saas-homework/toy-asis/config/environments/test.rb": [
        1,
        null,
        null,
        null,
        null,
        null,
        null,
        1,
        null,
        null,
        null,
        null,
        1,
        null,
        null,
        1,
        1,
        null,
        null,
        1,
        1,
        null,
        null,
        1,
        null,
        null,
        1,
        null,
        null,
        null,
        null,
        1,
        null,
        null,
        1,
        null
      ],
      "/Users/knaadjie/Downloads/saas-homework/toy-asis/config/initializers/backtrace_silencers.rb": [
        null,
        null,
        null,
        null,
        null,
        null,
        null
      ],
      "/Users/knaadjie/Downloads/saas-homework/toy-asis/config/initializers/filter_parameter_logging.rb": [
        null,
        null,
        null,
        1
      ],
      "/Users/knaadjie/Downloads/saas-homework/toy-asis/config/initializers/inflections.rb": [
        null,
        null,
        null,
        null,
        null,
        null,
        null,
        null,
        null,
        null,
        null,
        null,
        null,
        null,
        null,
        null
      ],
      "/Users/knaadjie/Downloads/saas-homework/toy-asis/config/initializers/mime_types.rb": [
        null,
        null,
        null,
        null,
        null
      ],
      "/Users/knaadjie/Downloads/saas-homework/toy-asis/config/initializers/secret_token.rb": [
        null,
        null,
        null,
        null,
        null,
        null,
        null,
        null,
        null,
        null,
        null,
        1
      ],
      "/Users/knaadjie/Downloads/saas-homework/toy-asis/config/initializers/session_store.rb": [
        null,
        null,
        1
      ],
      "/Users/knaadjie/Downloads/saas-homework/toy-asis/config/initializers/wrap_parameters.rb": [
        null,
        null,
        null,
        null,
        null,
        null,
        1,
        1,
        null
      ],
      "/Users/knaadjie/Downloads/saas-homework/toy-asis/config/routes.rb": [
        1,
        1,
        1,
        1,
        null,
        null,
        null,
        null,
        1,
        null,
        null,
        null,
        null,
        null,
        null,
        null,
        null,
        null,
        null,
        null,
        null,
        null,
        null,
        null,
        null,
        null,
        null,
        null,
        null,
        null,
        null,
        null,
        null,
        null,
        null,
        null,
        null,
        null,
        null,
        null,
        null,
        null,
        null,
        null,
        null,
        null,
        null,
        null,
        null,
        null,
        null,
        null,
        null,
        null,
        null,
        null,
        null,
        null,
        null
      ],
      "/Users/knaadjie/Downloads/saas-homework/toy-asis/app/helpers/application_helper.rb": [
        1,
        null
      ],
      "/Users/knaadjie/Downloads/saas-homework/toy-asis/app/helpers/welcome_helper.rb": [
        1,
        null
      ],
      "/Users/knaadjie/Downloads/saas-homework/toy-asis/app/controllers/welcome_controller.rb": [
        1,
        null,
        null,
        1,
        null,
        null,
        1,
        null,
        null,
        1,
        3,
        3,
        3,
        3,
        null,
        0,
        0,
        null,
        null,
        null,
        1,
        null,
        1,
        3,
        null,
        null
      ],
      "/Users/knaadjie/Downloads/saas-homework/toy-asis/app/controllers/application_controller.rb": [
        1,
        null,
        null,
        1,
        null
      ],
      "/Users/knaadjie/Downloads/saas-homework/toy-asis/app/models/manuscript.rb": [
        1,
        1,
        null,
        1,
        null,
        1,
        1,
        1,
        1,
        null,
        1,
        0,
        null,
        null,
        null,
        1,
        0,
        null,
        null,
        1,
        0,
        0,
        0,
        null,
        null,
        1,
        null,
        1,
        0,
        0,
        null,
        null,
        null,
        null
      ]
    },
    "timestamp": 1392071389
  }
}
